  [1m[35m (166.9ms)[0m  [1m[35mCREATE DATABASE "store_development" ENCODING = 'unicode'[0m
  [1m[35m (46.9ms)[0m  [1m[35mCREATE DATABASE "store_test" ENCODING = 'unicode'[0m
  [1m[35m (24.5ms)[0m  [1m[35mCREATE TABLE "schema_migrations" ("version" character varying NOT NULL PRIMARY KEY)[0m
  [1m[35m (3.9ms)[0m  [1m[35mCREATE TABLE "ar_internal_metadata" ("key" character varying NOT NULL PRIMARY KEY, "value" character varying, "created_at" timestamp(6) NOT NULL, "updated_at" timestamp(6) NOT NULL)[0m
  [1m[35m (0.2ms)[0m  [1m[34mSELECT pg_try_advisory_lock(1042603844265157860)[0m
  [1m[36mActiveRecord::SchemaMigration Pluck (0.7ms)[0m  [1m[34mSELECT "schema_migrations"."version" FROM "schema_migrations" ORDER BY "schema_migrations"."version" ASC[0m
Migrating to DeviseCreateUsers (20230120032251)
  [1m[36mTRANSACTION (0.1ms)[0m  [1m[35mBEGIN[0m
  [1m[35m (6.7ms)[0m  [1m[35mCREATE TABLE "users" ("id" bigserial primary key, "email" character varying DEFAULT '' NOT NULL, "encrypted_password" character varying DEFAULT '' NOT NULL, "reset_password_token" character varying, "reset_password_sent_at" timestamp(6), "remember_created_at" timestamp(6), "created_at" timestamp(6) NOT NULL, "updated_at" timestamp(6) NOT NULL)[0m
  [1m[35m (1.8ms)[0m  [1m[35mCREATE UNIQUE INDEX "index_users_on_email" ON "users" ("email")[0m
  [1m[35m (1.0ms)[0m  [1m[35mCREATE UNIQUE INDEX "index_users_on_reset_password_token" ON "users" ("reset_password_token")[0m
  [1m[36mActiveRecord::SchemaMigration Create (0.6ms)[0m  [1m[32mINSERT INTO "schema_migrations" ("version") VALUES ($1) RETURNING "version"[0m  [["version", "20230120032251"]]
  [1m[36mTRANSACTION (0.3ms)[0m  [1m[35mCOMMIT[0m
  [1m[36mActiveRecord::InternalMetadata Load (0.4ms)[0m  [1m[34mSELECT "ar_internal_metadata".* FROM "ar_internal_metadata" WHERE "ar_internal_metadata"."key" = $1 LIMIT $2[0m  [["key", "environment"], ["LIMIT", 1]]
  [1m[36mTRANSACTION (0.1ms)[0m  [1m[35mBEGIN[0m
  [1m[36mActiveRecord::InternalMetadata Create (2.5ms)[0m  [1m[32mINSERT INTO "ar_internal_metadata" ("key", "value", "created_at", "updated_at") VALUES ($1, $2, $3, $4) RETURNING "key"[0m  [["key", "environment"], ["value", "development"], ["created_at", "2023-01-20 03:23:03.196187"], ["updated_at", "2023-01-20 03:23:03.196187"]]
  [1m[36mTRANSACTION (0.2ms)[0m  [1m[35mCOMMIT[0m
  [1m[35m (0.3ms)[0m  [1m[34mSELECT pg_advisory_unlock(1042603844265157860)[0m
  [1m[36mActiveRecord::SchemaMigration Pluck (0.8ms)[0m  [1m[34mSELECT "schema_migrations"."version" FROM "schema_migrations" ORDER BY "schema_migrations"."version" ASC[0m
  [1m[35m (0.2ms)[0m  [1m[34mSELECT pg_try_advisory_lock(1042603844265157860)[0m
  [1m[36mActiveRecord::SchemaMigration Pluck (0.8ms)[0m  [1m[34mSELECT "schema_migrations"."version" FROM "schema_migrations" ORDER BY "schema_migrations"."version" ASC[0m
Migrating to CreateOrders (20230120035056)
  [1m[36mTRANSACTION (0.1ms)[0m  [1m[35mBEGIN[0m
  [1m[35m (10.5ms)[0m  [1m[35mCREATE TABLE "orders" ("id" bigserial primary key, "user_id" integer, "product_id" integer, "created_at" timestamp(6) NOT NULL, "updated_at" timestamp(6) NOT NULL)[0m
  [1m[36mActiveRecord::SchemaMigration Create (0.3ms)[0m  [1m[32mINSERT INTO "schema_migrations" ("version") VALUES ($1) RETURNING "version"[0m  [["version", "20230120035056"]]
  [1m[36mTRANSACTION (0.6ms)[0m  [1m[35mCOMMIT[0m
  [1m[36mActiveRecord::InternalMetadata Load (0.3ms)[0m  [1m[34mSELECT "ar_internal_metadata".* FROM "ar_internal_metadata" WHERE "ar_internal_metadata"."key" = $1 LIMIT $2[0m  [["key", "environment"], ["LIMIT", 1]]
  [1m[35m (0.2ms)[0m  [1m[34mSELECT pg_advisory_unlock(1042603844265157860)[0m
  [1m[36mActiveRecord::SchemaMigration Pluck (0.6ms)[0m  [1m[34mSELECT "schema_migrations"."version" FROM "schema_migrations" ORDER BY "schema_migrations"."version" ASC[0m
  [1m[35m (0.2ms)[0m  [1m[34mSELECT pg_try_advisory_lock(1042603844265157860)[0m
  [1m[36mActiveRecord::SchemaMigration Pluck (0.7ms)[0m  [1m[34mSELECT "schema_migrations"."version" FROM "schema_migrations" ORDER BY "schema_migrations"."version" ASC[0m
Migrating to CreateProducts (20230120035208)
  [1m[36mTRANSACTION (0.1ms)[0m  [1m[35mBEGIN[0m
  [1m[35m (9.0ms)[0m  [1m[35mCREATE TABLE "products" ("id" bigserial primary key, "name" character varying, "price" float, "cost" float, "created_at" timestamp(6) NOT NULL, "updated_at" timestamp(6) NOT NULL)[0m
  [1m[36mActiveRecord::SchemaMigration Create (0.2ms)[0m  [1m[32mINSERT INTO "schema_migrations" ("version") VALUES ($1) RETURNING "version"[0m  [["version", "20230120035208"]]
  [1m[36mTRANSACTION (0.6ms)[0m  [1m[35mCOMMIT[0m
  [1m[36mActiveRecord::InternalMetadata Load (0.5ms)[0m  [1m[34mSELECT "ar_internal_metadata".* FROM "ar_internal_metadata" WHERE "ar_internal_metadata"."key" = $1 LIMIT $2[0m  [["key", "environment"], ["LIMIT", 1]]
  [1m[35m (0.2ms)[0m  [1m[34mSELECT pg_advisory_unlock(1042603844265157860)[0m
  [1m[36mActiveRecord::SchemaMigration Pluck (0.7ms)[0m  [1m[34mSELECT "schema_migrations"."version" FROM "schema_migrations" ORDER BY "schema_migrations"."version" ASC[0m
Started GET "/" for ::1 at 2023-01-19 20:05:25 -0800
  [1m[36mActiveRecord::SchemaMigration Pluck (2.1ms)[0m  [1m[34mSELECT "schema_migrations"."version" FROM "schema_migrations" ORDER BY "schema_migrations"."version" ASC[0m
Processing by HomeController#index as HTML
  Rendering layout layouts/application.html.erb
  Rendering home/index.html.erb within layouts/application
  Rendered home/index.html.erb within layouts/application (Duration: 2.8ms | Allocations: 1535)
[Webpacker] Compiling...
[Webpacker] Compiled all packs in /Users/learnacademy/Desktop/golf/capstone/capstone_project/capstone/store/public/packs
[Webpacker] warning package.json: No license field

[Webpacker] Hash: f94399a11369468b3b9f
Version: webpack 4.46.0
Time: 1872ms
Built at: 01/19/2023 8:05:32 PM
                                          Asset      Size            Chunks                         Chunk Names
         js/application-24e6bdb233327612bbab.js  2.02 MiB       application  [emitted] [immutable]  application
     js/application-24e6bdb233327612bbab.js.map  2.26 MiB       application  [emitted] [dev]        application
         js/hello_react-4e3fa46b02ccf4ca515b.js  1.24 MiB       hello_react  [emitted] [immutable]  hello_react
     js/hello_react-4e3fa46b02ccf4ca515b.js.map  1.41 MiB       hello_react  [emitted] [dev]        hello_react
    js/server_rendering-e68e749492473fd84ed5.js  2.02 MiB  server_rendering  [emitted] [immutable]  server_rendering
js/server_rendering-e68e749492473fd84ed5.js.map  2.26 MiB  server_rendering  [emitted] [dev]        server_rendering
                                  manifest.json  1.05 KiB                    [emitted]              
Entrypoint application = js/application-24e6bdb233327612bbab.js js/application-24e6bdb233327612bbab.js.map
Entrypoint hello_react = js/hello_react-4e3fa46b02ccf4ca515b.js js/hello_react-4e3fa46b02ccf4ca515b.js.map
Entrypoint server_rendering = js/server_rendering-e68e749492473fd84ed5.js js/server_rendering-e68e749492473fd84ed5.js.map
[./app/javascript/components sync recursive ^\.\/.*$] ./app/javascript/components sync ^\.\/.*$ 183 bytes {application} {server_rendering} [built]
[./app/javascript/packs/application.js] 214 bytes {application} [built]
[./app/javascript/packs/hello_react.jsx] 1.1 KiB {hello_react} [built]
[./app/javascript/packs/server_rendering.js] 299 bytes {server_rendering} [built]
[./node_modules/webpack/buildin/global.js] (webpack)/buildin/global.js 474 bytes {application} {hello_react} {server_rendering} [built]
[./node_modules/webpack/buildin/module.js] (webpack)/buildin/module.js 547 bytes {application} {hello_react} {server_rendering} [built]
    + 35 hidden modules

  Rendered layout layouts/application.html.erb (Duration: 6496.3ms | Allocations: 146671)
Completed 200 OK in 6533ms (Views: 6500.6ms | ActiveRecord: 0.0ms | Allocations: 153397)


Started GET "/" for ::1 at 2023-01-19 20:08:19 -0800
Processing by HomeController#index as HTML
  Rendering layout layouts/application.html.erb
  Rendering home/index.html.erb within layouts/application
  Rendered home/index.html.erb within layouts/application (Duration: 13.9ms | Allocations: 953)
[Webpacker] Everything's up-to-date. Nothing to do
  Rendered layout layouts/application.html.erb (Duration: 28.8ms | Allocations: 7706)
Completed 200 OK in 34ms (Views: 31.5ms | ActiveRecord: 0.0ms | Allocations: 8748)


Started GET "/" for ::1 at 2023-01-19 20:09:06 -0800
Processing by HomeController#index as HTML
  Rendering layout layouts/application.html.erb
  Rendering home/index.html.erb within layouts/application
  Rendered home/index.html.erb within layouts/application (Duration: 2.2ms | Allocations: 930)
[Webpacker] Everything's up-to-date. Nothing to do
  Rendered layout layouts/application.html.erb (Duration: 32.3ms | Allocations: 7684)
Completed 200 OK in 38ms (Views: 35.4ms | ActiveRecord: 0.0ms | Allocations: 8729)


Started GET "/" for ::1 at 2023-01-19 20:09:06 -0800
Processing by HomeController#index as HTML
  Rendering layout layouts/application.html.erb
  Rendering home/index.html.erb within layouts/application
  Rendered home/index.html.erb within layouts/application (Duration: 6.9ms | Allocations: 767)
[Webpacker] Everything's up-to-date. Nothing to do
  Rendered layout layouts/application.html.erb (Duration: 20.9ms | Allocations: 7220)
Completed 200 OK in 31ms (Views: 21.3ms | ActiveRecord: 0.0ms | Allocations: 7555)


Started GET "/" for ::1 at 2023-01-19 20:09:23 -0800
Processing by HomeController#index as HTML
  Rendering layout layouts/application.html.erb
  Rendering home/index.html.erb within layouts/application
  Rendered home/index.html.erb within layouts/application (Duration: 2.4ms | Allocations: 930)
[Webpacker] Everything's up-to-date. Nothing to do
  Rendered layout layouts/application.html.erb (Duration: 19.3ms | Allocations: 7683)
Completed 200 OK in 26ms (Views: 22.3ms | ActiveRecord: 0.0ms | Allocations: 8724)


Started GET "/" for ::1 at 2023-01-19 20:52:38 -0800
  [1m[36mActiveRecord::SchemaMigration Pluck (1.2ms)[0m  [1m[34mSELECT "schema_migrations"."version" FROM "schema_migrations" ORDER BY "schema_migrations"."version" ASC[0m
Processing by HomeController#index as HTML
  Rendering layout layouts/application.html.erb
  Rendering home/index.html.erb within layouts/application
  Rendered home/index.html.erb within layouts/application (Duration: 2.4ms | Allocations: 1552)
[Webpacker] Everything's up-to-date. Nothing to do
  Rendered layout layouts/application.html.erb (Duration: 85.5ms | Allocations: 36324)
Completed 200 OK in 92ms (Views: 87.6ms | ActiveRecord: 0.0ms | Allocations: 41861)


Started GET "/" for ::1 at 2023-01-19 20:52:39 -0800
Processing by HomeController#index as HTML
  Rendering layout layouts/application.html.erb
  Rendering home/index.html.erb within layouts/application
  Rendered home/index.html.erb within layouts/application (Duration: 2.1ms | Allocations: 771)
[Webpacker] Everything's up-to-date. Nothing to do
  Rendered layout layouts/application.html.erb (Duration: 16.2ms | Allocations: 7228)
Completed 200 OK in 19ms (Views: 17.2ms | ActiveRecord: 0.0ms | Allocations: 7562)


Started GET "/" for ::1 at 2023-01-19 20:52:46 -0800
Processing by HomeController#index as HTML
  Rendering layout layouts/application.html.erb
  Rendering home/index.html.erb within layouts/application
  Rendered home/index.html.erb within layouts/application (Duration: 2.2ms | Allocations: 765)
[Webpacker] Everything's up-to-date. Nothing to do
  Rendered layout layouts/application.html.erb (Duration: 12.4ms | Allocations: 7224)
Completed 200 OK in 15ms (Views: 13.6ms | ActiveRecord: 0.0ms | Allocations: 7557)


Started GET "/" for ::1 at 2023-01-20 09:19:23 -0800
  [1m[36mActiveRecord::SchemaMigration Pluck (0.7ms)[0m  [1m[34mSELECT "schema_migrations"."version" FROM "schema_migrations" ORDER BY "schema_migrations"."version" ASC[0m
Processing by HomeController#index as HTML
  Rendering layout layouts/application.html.erb
  Rendering home/index.html.erb within layouts/application
  Rendered home/index.html.erb within layouts/application (Duration: 3.9ms | Allocations: 1556)
[Webpacker] Everything's up-to-date. Nothing to do
  Rendered layout layouts/application.html.erb (Duration: 109.2ms | Allocations: 36392)
Completed 200 OK in 129ms (Views: 115.3ms | ActiveRecord: 0.0ms | Allocations: 41928)


